<?xml version="1.0" encoding="UTF-8"?>
<!-- Generated by org.testng.reporters.JUnitReportReporter -->
<testsuite hostname="janakiram-Air" name="serverprojectravi.fullandnillfields" tests="1" failures="0" timestamp="3 Jul 2017 10:19:12 GMT" time="13.562" errors="0">
  <testcase name="validandinvalid" time="13.562" classname="serverprojectravi.fullandnillfields"/>
</testsuite> <!-- serverprojectravi.fullandnillfields -->
