<?xml version="1.0" encoding="UTF-8"?>
<!-- Generated by org.testng.reporters.JUnitReportReporter -->
<testsuite hostname="janakiram-Air" name="serverprojectravi.Invalidtestcases" tests="1" failures="0" timestamp="3 Jul 2017 10:19:12 GMT" time="24.611" errors="0">
  <testcase name="wrongtestcase" time="24.611" classname="serverprojectravi.Invalidtestcases"/>
</testsuite> <!-- serverprojectravi.Invalidtestcases -->
