<?xml version="1.0" encoding="UTF-8"?>
<!-- Generated by org.testng.reporters.JUnitReportReporter -->
<testsuite hostname="janakiram-MacBook-Air.local" name="frameworkleveltesting.AppTest" tests="1" failures="0" timestamp="1 Jul 2017 11:29:00 GMT" time="13.943" errors="0">
  <testcase name="testingsm" time="13.943" classname="frameworkleveltesting.AppTest"/>
</testsuite> <!-- frameworkleveltesting.AppTest -->
